<?xml version="1.0" encoding="UTF-8"?>
<!-- Generated by org.testng.reporters.JUnitXMLReporter -->
<testsuite ignored="1" hostname="chandans-MacBook-Air-964.local" failures="0" tests="1" name="Default test" time="17.873" errors="0" timestamp="2026-09-01T17:13:12 IST">
  <testcase classname="Test.CartTest" name="removeProductTest" time="1.019"/>
  <testcase classname="Test.CartTest" name="addMultipleProductsTest" time="0.0">
    <ignored/>
  </testcase> <!-- addMultipleProductsTest -->
</testsuite> <!-- Default test -->
