<?xml version="1.0" encoding="UTF-8"?>
<testng-results ignored="0" total="13" passed="13" failed="0" skipped="0">
  <reporter-output>
  </reporter-output>
  <suite started-at="2026-09-01T18:10:52 IST" name="SauceDemo Suite" finished-at="2026-09-01T18:15:04 IST" duration-ms="251619">
    <groups>
    </groups>
    <test started-at="2026-09-01T18:10:52 IST" name="E2E Tests" finished-at="2026-09-01T18:15:04 IST" duration-ms="251619">
      <class name="Test.LogoutTest">
        <test-method is-config="true" signature="bm()[pri:0, instance:Test.LogoutTest@5f303ecd]" started-at="2026-09-01T18:14:43 IST" name="bm" finished-at="2026-09-01T18:15:00 IST" duration-ms="17162" status="PASS">
          <reporter-output>
          </reporter-output>
        </test-method> <!-- bm -->
        <test-method signature="logoutTest()[pri:1, instance:Test.LogoutTest@5f303ecd]" started-at="2026-09-01T18:15:00 IST" name="logoutTest" description="TC-021: Logout from application" finished-at="2026-09-01T18:15:03 IST" duration-ms="2300" status="PASS">
          <reporter-output>
          </reporter-output>
        </test-method> <!-- logoutTest -->
        <test-method is-config="true" signature="am(org.testng.ITestResult)[pri:0, instance:Test.LogoutTest@5f303ecd]" started-at="2026-09-01T18:15:03 IST" name="am" finished-at="2026-09-01T18:15:04 IST" duration-ms="1128" status="PASS">
          <params>
            <param index="0">
              <value>
                <![CDATA[[TestResult name=logoutTest status=SUCCESS method=LogoutTest.logoutTest()[pri:1, instance:Test.LogoutTest@5f303ecd] output={null}]]]>
              </value>
            </param>
          </params>
          <reporter-output>
          </reporter-output>
        </test-method> <!-- am -->
      </class> <!-- Test.LogoutTest -->
      <class name="Test.SortingTest">
        <test-method is-config="true" signature="bm()[pri:0, instance:Test.SortingTest@5f13be1]" started-at="2026-09-01T18:14:16 IST" name="bm" finished-at="2026-09-01T18:14:24 IST" duration-ms="8505" status="PASS">
          <reporter-output>
          </reporter-output>
        </test-method> <!-- bm -->
        <test-method signature="sortPriceLowToHighTest()[pri:1, instance:Test.SortingTest@5f13be1]" started-at="2026-09-01T18:14:24 IST" name="sortPriceLowToHighTest" description="TC-007: Sort Price Low to High" finished-at="2026-09-01T18:14:26 IST" duration-ms="1646" status="PASS">
          <reporter-output>
          </reporter-output>
        </test-method> <!-- sortPriceLowToHighTest -->
        <test-method is-config="true" signature="am(org.testng.ITestResult)[pri:0, instance:Test.SortingTest@5f13be1]" started-at="2026-09-01T18:14:26 IST" name="am" finished-at="2026-09-01T18:14:28 IST" duration-ms="1799" status="PASS">
          <params>
            <param index="0">
              <value>
                <![CDATA[[TestResult name=sortPriceLowToHighTest status=SUCCESS method=SortingTest.sortPriceLowToHighTest()[pri:1, instance:Test.SortingTest@5f13be1] output={null}]]]>
              </value>
            </param>
          </params>
          <reporter-output>
          </reporter-output>
        </test-method> <!-- am -->
        <test-method is-config="true" signature="bm()[pri:0, instance:Test.SortingTest@5f13be1]" started-at="2026-09-01T18:14:28 IST" name="bm" finished-at="2026-09-01T18:14:39 IST" duration-ms="11451" status="PASS">
          <reporter-output>
          </reporter-output>
        </test-method> <!-- bm -->
        <test-method signature="sortPriceHighToLowTest()[pri:2, instance:Test.SortingTest@5f13be1]" started-at="2026-09-01T18:14:39 IST" name="sortPriceHighToLowTest" description="TC-027: Sort Price High to Low" finished-at="2026-09-01T18:14:41 IST" duration-ms="1973" status="PASS">
          <reporter-output>
          </reporter-output>
        </test-method> <!-- sortPriceHighToLowTest -->
        <test-method is-config="true" signature="am(org.testng.ITestResult)[pri:0, instance:Test.SortingTest@5f13be1]" started-at="2026-09-01T18:14:41 IST" name="am" finished-at="2026-09-01T18:14:43 IST" duration-ms="1710" status="PASS">
          <params>
            <param index="0">
              <value>
                <![CDATA[[TestResult name=sortPriceHighToLowTest status=SUCCESS method=SortingTest.sortPriceHighToLowTest()[pri:2, instance:Test.SortingTest@5f13be1] output={null}]]]>
              </value>
            </param>
          </params>
          <reporter-output>
          </reporter-output>
        </test-method> <!-- am -->
      </class> <!-- Test.SortingTest -->
      <class name="Test.CheckoutTest">
        <test-method is-config="true" signature="bm()[pri:0, instance:Test.CheckoutTest@2b8bd14b]" started-at="2026-09-01T18:13:42 IST" name="bm" finished-at="2026-09-01T18:13:51 IST" duration-ms="8919" status="PASS">
          <reporter-output>
          </reporter-output>
        </test-method> <!-- bm -->
        <test-method signature="checkoutBlockedWhenEmptyFieldsTest()[pri:1, instance:Test.CheckoutTest@2b8bd14b]" started-at="2026-09-01T18:13:51 IST" name="checkoutBlockedWhenEmptyFieldsTest" description="TC-013: Checkout Empty Fields" finished-at="2026-09-01T18:13:52 IST" duration-ms="1241" status="PASS">
          <reporter-output>
          </reporter-output>
        </test-method> <!-- checkoutBlockedWhenEmptyFieldsTest -->
        <test-method is-config="true" signature="am(org.testng.ITestResult)[pri:0, instance:Test.CheckoutTest@2b8bd14b]" started-at="2026-09-01T18:13:52 IST" name="am" finished-at="2026-09-01T18:13:54 IST" duration-ms="1280" status="PASS">
          <params>
            <param index="0">
              <value>
                <![CDATA[[TestResult name=checkoutBlockedWhenEmptyFieldsTest status=SUCCESS method=CheckoutTest.checkoutBlockedWhenEmptyFieldsTest()[pri:1, instance:Test.CheckoutTest@2b8bd14b] output={null}]]]>
              </value>
            </param>
          </params>
          <reporter-output>
          </reporter-output>
        </test-method> <!-- am -->
        <test-method is-config="true" signature="bm()[pri:0, instance:Test.CheckoutTest@2b8bd14b]" started-at="2026-09-01T18:13:54 IST" name="bm" finished-at="2026-09-01T18:14:02 IST" duration-ms="8034" status="PASS">
          <reporter-output>
          </reporter-output>
        </test-method> <!-- bm -->
        <test-method signature="checkoutMissingFirstNameTest()[pri:2, instance:Test.CheckoutTest@2b8bd14b]" started-at="2026-09-01T18:14:02 IST" name="checkoutMissingFirstNameTest" description="TC-014: Missing First Name in Checkout" finished-at="2026-09-01T18:14:03 IST" duration-ms="1292" status="PASS">
          <reporter-output>
          </reporter-output>
        </test-method> <!-- checkoutMissingFirstNameTest -->
        <test-method is-config="true" signature="am(org.testng.ITestResult)[pri:0, instance:Test.CheckoutTest@2b8bd14b]" started-at="2026-09-01T18:14:03 IST" name="am" finished-at="2026-09-01T18:14:04 IST" duration-ms="1363" status="PASS">
          <params>
            <param index="0">
              <value>
                <![CDATA[[TestResult name=checkoutMissingFirstNameTest status=SUCCESS method=CheckoutTest.checkoutMissingFirstNameTest()[pri:2, instance:Test.CheckoutTest@2b8bd14b] output={null}]]]>
              </value>
            </param>
          </params>
          <reporter-output>
          </reporter-output>
        </test-method> <!-- am -->
        <test-method is-config="true" signature="bm()[pri:0, instance:Test.CheckoutTest@2b8bd14b]" started-at="2026-09-01T18:14:04 IST" name="bm" finished-at="2026-09-01T18:14:13 IST" duration-ms="9132" status="PASS">
          <reporter-output>
          </reporter-output>
        </test-method> <!-- bm -->
        <test-method signature="completeCheckoutSuccessfullyTest()[pri:3, instance:Test.CheckoutTest@2b8bd14b]" started-at="2026-09-01T18:14:13 IST" name="completeCheckoutSuccessfullyTest" description="TC-017, TC-019: Valid Checkout Information &amp; Complete Order" finished-at="2026-09-01T18:14:15 IST" duration-ms="1435" status="PASS">
          <reporter-output>
          </reporter-output>
        </test-method> <!-- completeCheckoutSuccessfullyTest -->
        <test-method is-config="true" signature="am(org.testng.ITestResult)[pri:0, instance:Test.CheckoutTest@2b8bd14b]" started-at="2026-09-01T18:14:15 IST" name="am" finished-at="2026-09-01T18:14:16 IST" duration-ms="1052" status="PASS">
          <params>
            <param index="0">
              <value>
                <![CDATA[[TestResult name=completeCheckoutSuccessfullyTest status=SUCCESS method=CheckoutTest.completeCheckoutSuccessfullyTest()[pri:3, instance:Test.CheckoutTest@2b8bd14b] output={null}]]]>
              </value>
            </param>
          </params>
          <reporter-output>
          </reporter-output>
        </test-method> <!-- am -->
      </class> <!-- Test.CheckoutTest -->
      <class name="Test.CartTest">
        <test-method is-config="true" signature="bm()[pri:0, instance:Test.CartTest@51dbd6e4]" started-at="2026-09-01T18:12:47 IST" name="bm" finished-at="2026-09-01T18:12:54 IST" duration-ms="7116" status="PASS">
          <reporter-output>
          </reporter-output>
        </test-method> <!-- bm -->
        <test-method signature="addMultipleProductsTest()[pri:1, instance:Test.CartTest@51dbd6e4]" started-at="2026-09-01T18:12:54 IST" name="addMultipleProductsTest" description="TC-009: Add Multiple Products to Cart" finished-at="2026-09-01T18:12:55 IST" duration-ms="820" status="PASS">
          <reporter-output>
          </reporter-output>
        </test-method> <!-- addMultipleProductsTest -->
        <test-method is-config="true" signature="am(org.testng.ITestResult)[pri:0, instance:Test.CartTest@51dbd6e4]" started-at="2026-09-01T18:12:55 IST" name="am" finished-at="2026-09-01T18:13:29 IST" duration-ms="34193" status="PASS">
          <params>
            <param index="0">
              <value>
                <![CDATA[[TestResult name=addMultipleProductsTest status=SUCCESS method=CartTest.addMultipleProductsTest()[pri:1, instance:Test.CartTest@51dbd6e4] output={null}]]]>
              </value>
            </param>
          </params>
          <reporter-output>
          </reporter-output>
        </test-method> <!-- am -->
        <test-method is-config="true" signature="bm()[pri:0, instance:Test.CartTest@51dbd6e4]" started-at="2026-09-01T18:13:29 IST" name="bm" finished-at="2026-09-01T18:13:40 IST" duration-ms="10333" status="PASS">
          <reporter-output>
          </reporter-output>
        </test-method> <!-- bm -->
        <test-method signature="removeProductTest()[pri:2, instance:Test.CartTest@51dbd6e4]" started-at="2026-09-01T18:13:40 IST" name="removeProductTest" description="TC-010: Remove Product from Cart" finished-at="2026-09-01T18:13:41 IST" duration-ms="1350" status="PASS">
          <reporter-output>
          </reporter-output>
        </test-method> <!-- removeProductTest -->
        <test-method is-config="true" signature="am(org.testng.ITestResult)[pri:0, instance:Test.CartTest@51dbd6e4]" started-at="2026-09-01T18:13:41 IST" name="am" finished-at="2026-09-01T18:13:42 IST" duration-ms="1141" status="PASS">
          <params>
            <param index="0">
              <value>
                <![CDATA[[TestResult name=removeProductTest status=SUCCESS method=CartTest.removeProductTest()[pri:2, instance:Test.CartTest@51dbd6e4] output={null}]]]>
              </value>
            </param>
          </params>
          <reporter-output>
          </reporter-output>
        </test-method> <!-- am -->
      </class> <!-- Test.CartTest -->
      <class name="Test.logintheuser">
        <test-method is-config="true" signature="bm()[pri:0, instance:Test.logintheuser@1f443fae]" started-at="2026-09-01T18:10:52 IST" name="bm" finished-at="2026-09-01T18:11:40 IST" duration-ms="47505" status="PASS">
          <reporter-output>
          </reporter-output>
        </test-method> <!-- bm -->
        <test-method signature="dataDrivenLoginTest(java.lang.String,java.lang.String,java.lang.String)[pri:0, instance:Test.logintheuser@1f443fae]" started-at="2026-09-01T18:11:40 IST" name="dataDrivenLoginTest" description="B3: Data-Driven Login Tests from CSV" data-provider="loginData" finished-at="2026-09-01T18:11:40 IST" duration-ms="724" status="PASS">
          <params>
            <param index="0">
              <value>
                <![CDATA[standard_user]]>
              </value>
            </param>
            <param index="1">
              <value>
                <![CDATA[secret_sauce]]>
              </value>
            </param>
            <param index="2">
              <value>
                <![CDATA[success]]>
              </value>
            </param>
          </params>
          <reporter-output>
          </reporter-output>
        </test-method> <!-- dataDrivenLoginTest -->
        <test-method is-config="true" signature="am(org.testng.ITestResult)[pri:0, instance:Test.logintheuser@1f443fae]" started-at="2026-09-01T18:11:40 IST" name="am" finished-at="2026-09-01T18:11:41 IST" duration-ms="780" status="PASS">
          <params>
            <param index="0">
              <value>
                <![CDATA[[TestResult name=dataDrivenLoginTest status=SUCCESS method=logintheuser.dataDrivenLoginTest(java.lang.String,java.lang.String,java.lang.String)[pri:0, instance:Test.logintheuser@1f443fae] output={null}]]]>
              </value>
            </param>
          </params>
          <reporter-output>
          </reporter-output>
        </test-method> <!-- am -->
        <test-method is-config="true" signature="bm()[pri:0, instance:Test.logintheuser@1f443fae]" started-at="2026-09-01T18:11:41 IST" name="bm" finished-at="2026-09-01T18:11:48 IST" duration-ms="6562" status="PASS">
          <reporter-output>
          </reporter-output>
        </test-method> <!-- bm -->
        <test-method signature="dataDrivenLoginTest(java.lang.String,java.lang.String,java.lang.String)[pri:0, instance:Test.logintheuser@1f443fae]" started-at="2026-09-01T18:11:48 IST" name="dataDrivenLoginTest" description="B3: Data-Driven Login Tests from CSV" data-provider="loginData" finished-at="2026-09-01T18:11:48 IST" duration-ms="585" status="PASS">
          <params>
            <param index="0">
              <value>
                <![CDATA[locked_out_user]]>
              </value>
            </param>
            <param index="1">
              <value>
                <![CDATA[secret_sauce]]>
              </value>
            </param>
            <param index="2">
              <value>
                <![CDATA[locked out]]>
              </value>
            </param>
          </params>
          <reporter-output>
          </reporter-output>
        </test-method> <!-- dataDrivenLoginTest -->
        <test-method is-config="true" signature="am(org.testng.ITestResult)[pri:0, instance:Test.logintheuser@1f443fae]" started-at="2026-09-01T18:11:48 IST" name="am" finished-at="2026-09-01T18:11:49 IST" duration-ms="810" status="PASS">
          <params>
            <param index="0">
              <value>
                <![CDATA[[TestResult name=dataDrivenLoginTest status=SUCCESS method=logintheuser.dataDrivenLoginTest(java.lang.String,java.lang.String,java.lang.String)[pri:0, instance:Test.logintheuser@1f443fae] output={null}]]]>
              </value>
            </param>
          </params>
          <reporter-output>
          </reporter-output>
        </test-method> <!-- am -->
        <test-method is-config="true" signature="bm()[pri:0, instance:Test.logintheuser@1f443fae]" started-at="2026-09-01T18:11:49 IST" name="bm" finished-at="2026-09-01T18:11:54 IST" duration-ms="4764" status="PASS">
          <reporter-output>
          </reporter-output>
        </test-method> <!-- bm -->
        <test-method signature="dataDrivenLoginTest(java.lang.String,java.lang.String,java.lang.String)[pri:0, instance:Test.logintheuser@1f443fae]" started-at="2026-09-01T18:11:54 IST" name="dataDrivenLoginTest" description="B3: Data-Driven Login Tests from CSV" data-provider="loginData" finished-at="2026-09-01T18:11:54 IST" duration-ms="343" status="PASS">
          <params>
            <param index="0">
              <value>
                <![CDATA[standard_user]]>
              </value>
            </param>
            <param index="1">
              <value>
                <![CDATA[wrong_password]]>
              </value>
            </param>
            <param index="2">
              <value>
                <![CDATA[do not match]]>
              </value>
            </param>
          </params>
          <reporter-output>
          </reporter-output>
        </test-method> <!-- dataDrivenLoginTest -->
        <test-method is-config="true" signature="am(org.testng.ITestResult)[pri:0, instance:Test.logintheuser@1f443fae]" started-at="2026-09-01T18:11:54 IST" name="am" finished-at="2026-09-01T18:11:55 IST" duration-ms="696" status="PASS">
          <params>
            <param index="0">
              <value>
                <![CDATA[[TestResult name=dataDrivenLoginTest status=SUCCESS method=logintheuser.dataDrivenLoginTest(java.lang.String,java.lang.String,java.lang.String)[pri:0, instance:Test.logintheuser@1f443fae] output={null}]]]>
              </value>
            </param>
          </params>
          <reporter-output>
          </reporter-output>
        </test-method> <!-- am -->
        <test-method is-config="true" signature="bm()[pri:0, instance:Test.logintheuser@1f443fae]" started-at="2026-09-01T18:11:55 IST" name="bm" finished-at="2026-09-01T18:11:59 IST" duration-ms="4530" status="PASS">
          <reporter-output>
          </reporter-output>
        </test-method> <!-- bm -->
        <test-method signature="dataDrivenLoginTest(java.lang.String,java.lang.String,java.lang.String)[pri:0, instance:Test.logintheuser@1f443fae]" started-at="2026-09-01T18:11:59 IST" name="dataDrivenLoginTest" description="B3: Data-Driven Login Tests from CSV" data-provider="loginData" finished-at="2026-09-01T18:12:00 IST" duration-ms="354" status="PASS">
          <params>
            <param index="0">
              <value>
                <![CDATA[]]>
              </value>
            </param>
            <param index="1">
              <value>
                <![CDATA[secret_sauce]]>
              </value>
            </param>
            <param index="2">
              <value>
                <![CDATA[Username is required]]>
              </value>
            </param>
          </params>
          <reporter-output>
          </reporter-output>
        </test-method> <!-- dataDrivenLoginTest -->
        <test-method is-config="true" signature="am(org.testng.ITestResult)[pri:0, instance:Test.logintheuser@1f443fae]" started-at="2026-09-01T18:12:00 IST" name="am" finished-at="2026-09-01T18:12:34 IST" duration-ms="34098" status="PASS">
          <params>
            <param index="0">
              <value>
                <![CDATA[[TestResult name=dataDrivenLoginTest status=SUCCESS method=logintheuser.dataDrivenLoginTest(java.lang.String,java.lang.String,java.lang.String)[pri:0, instance:Test.logintheuser@1f443fae] output={null}]]]>
              </value>
            </param>
          </params>
          <reporter-output>
          </reporter-output>
        </test-method> <!-- am -->
        <test-method is-config="true" signature="bm()[pri:0, instance:Test.logintheuser@1f443fae]" started-at="2026-09-01T18:12:34 IST" name="bm" finished-at="2026-09-01T18:12:45 IST" duration-ms="10584" status="PASS">
          <reporter-output>
          </reporter-output>
        </test-method> <!-- bm -->
        <test-method signature="dataDrivenLoginTest(java.lang.String,java.lang.String,java.lang.String)[pri:0, instance:Test.logintheuser@1f443fae]" started-at="2026-09-01T18:12:45 IST" name="dataDrivenLoginTest" description="B3: Data-Driven Login Tests from CSV" data-provider="loginData" finished-at="2026-09-01T18:12:45 IST" duration-ms="486" status="PASS">
          <params>
            <param index="0">
              <value>
                <![CDATA[standard_user]]>
              </value>
            </param>
            <param index="1">
              <value>
                <![CDATA[]]>
              </value>
            </param>
            <param index="2">
              <value>
                <![CDATA[Password is required]]>
              </value>
            </param>
          </params>
          <reporter-output>
          </reporter-output>
        </test-method> <!-- dataDrivenLoginTest -->
        <test-method is-config="true" signature="am(org.testng.ITestResult)[pri:0, instance:Test.logintheuser@1f443fae]" started-at="2026-09-01T18:12:45 IST" name="am" finished-at="2026-09-01T18:12:47 IST" duration-ms="2133" status="PASS">
          <params>
            <param index="0">
              <value>
                <![CDATA[[TestResult name=dataDrivenLoginTest status=SUCCESS method=logintheuser.dataDrivenLoginTest(java.lang.String,java.lang.String,java.lang.String)[pri:0, instance:Test.logintheuser@1f443fae] output={null}]]]>
              </value>
            </param>
          </params>
          <reporter-output>
          </reporter-output>
        </test-method> <!-- am -->
      </class> <!-- Test.logintheuser -->
    </test> <!-- E2E Tests -->
  </suite> <!-- SauceDemo Suite -->
</testng-results>
