<?xml version="1.0" encoding="UTF-8"?>
<testng-results ignored="0" total="13" passed="13" failed="0" skipped="0">
  <reporter-output>
  </reporter-output>
  <suite started-at="2026-09-01T18:26:05 IST" name="SauceDemo Suite" finished-at="2026-09-01T18:30:14 IST" duration-ms="248701">
    <groups>
    </groups>
    <test started-at="2026-09-01T18:26:05 IST" name="E2E Tests" finished-at="2026-09-01T18:30:14 IST" duration-ms="248701">
      <class name="Test.LogoutTest">
        <test-method is-config="true" signature="bm()[pri:0, instance:Test.LogoutTest@770b3be0]" started-at="2026-09-01T18:29:59 IST" name="bm" finished-at="2026-09-01T18:30:10 IST" duration-ms="10701" status="PASS">
          <reporter-output>
          </reporter-output>
        </test-method> <!-- bm -->
        <test-method signature="logoutTest()[pri:1, instance:Test.LogoutTest@770b3be0]" started-at="2026-09-01T18:30:10 IST" name="logoutTest" description="TC-021: Logout from application" finished-at="2026-09-01T18:30:12 IST" duration-ms="2353" status="PASS">
          <reporter-output>
          </reporter-output>
        </test-method> <!-- logoutTest -->
        <test-method is-config="true" signature="am(org.testng.ITestResult)[pri:0, instance:Test.LogoutTest@770b3be0]" started-at="2026-09-01T18:30:12 IST" name="am" finished-at="2026-09-01T18:30:14 IST" duration-ms="1422" status="PASS">
          <params>
            <param index="0">
              <value>
                <![CDATA[[TestResult name=logoutTest status=SUCCESS method=LogoutTest.logoutTest()[pri:1, instance:Test.LogoutTest@770b3be0] output={null}]]]>
              </value>
            </param>
          </params>
          <reporter-output>
          </reporter-output>
        </test-method> <!-- am -->
      </class> <!-- Test.LogoutTest -->
      <class name="Test.SortingTest">
        <test-method is-config="true" signature="bm()[pri:0, instance:Test.SortingTest@47d7bfb3]" started-at="2026-09-01T18:29:31 IST" name="bm" finished-at="2026-09-01T18:29:42 IST" duration-ms="10912" status="PASS">
          <reporter-output>
          </reporter-output>
        </test-method> <!-- bm -->
        <test-method signature="sortPriceLowToHighTest()[pri:1, instance:Test.SortingTest@47d7bfb3]" started-at="2026-09-01T18:29:42 IST" name="sortPriceLowToHighTest" description="TC-007: Sort Price Low to High" finished-at="2026-09-01T18:29:44 IST" duration-ms="1463" status="PASS">
          <reporter-output>
          </reporter-output>
        </test-method> <!-- sortPriceLowToHighTest -->
        <test-method is-config="true" signature="am(org.testng.ITestResult)[pri:0, instance:Test.SortingTest@47d7bfb3]" started-at="2026-09-01T18:29:44 IST" name="am" finished-at="2026-09-01T18:29:45 IST" duration-ms="1284" status="PASS">
          <params>
            <param index="0">
              <value>
                <![CDATA[[TestResult name=sortPriceLowToHighTest status=SUCCESS method=SortingTest.sortPriceLowToHighTest()[pri:1, instance:Test.SortingTest@47d7bfb3] output={null}]]]>
              </value>
            </param>
          </params>
          <reporter-output>
          </reporter-output>
        </test-method> <!-- am -->
        <test-method is-config="true" signature="bm()[pri:0, instance:Test.SortingTest@47d7bfb3]" started-at="2026-09-01T18:29:45 IST" name="bm" finished-at="2026-09-01T18:29:55 IST" duration-ms="10626" status="PASS">
          <reporter-output>
          </reporter-output>
        </test-method> <!-- bm -->
        <test-method signature="sortPriceHighToLowTest()[pri:2, instance:Test.SortingTest@47d7bfb3]" started-at="2026-09-01T18:29:55 IST" name="sortPriceHighToLowTest" description="TC-027: Sort Price High to Low" finished-at="2026-09-01T18:29:57 IST" duration-ms="1913" status="PASS">
          <reporter-output>
          </reporter-output>
        </test-method> <!-- sortPriceHighToLowTest -->
        <test-method is-config="true" signature="am(org.testng.ITestResult)[pri:0, instance:Test.SortingTest@47d7bfb3]" started-at="2026-09-01T18:29:57 IST" name="am" finished-at="2026-09-01T18:29:59 IST" duration-ms="1617" status="PASS">
          <params>
            <param index="0">
              <value>
                <![CDATA[[TestResult name=sortPriceHighToLowTest status=SUCCESS method=SortingTest.sortPriceHighToLowTest()[pri:2, instance:Test.SortingTest@47d7bfb3] output={null}]]]>
              </value>
            </param>
          </params>
          <reporter-output>
          </reporter-output>
        </test-method> <!-- am -->
      </class> <!-- Test.SortingTest -->
      <class name="Test.CheckoutTest">
        <test-method is-config="true" signature="bm()[pri:0, instance:Test.CheckoutTest@51e0301d]" started-at="2026-09-01T18:28:14 IST" name="bm" finished-at="2026-09-01T18:28:25 IST" duration-ms="10210" status="PASS">
          <reporter-output>
          </reporter-output>
        </test-method> <!-- bm -->
        <test-method signature="checkoutBlockedWhenEmptyFieldsTest()[pri:1, instance:Test.CheckoutTest@51e0301d]" started-at="2026-09-01T18:28:25 IST" name="checkoutBlockedWhenEmptyFieldsTest" description="TC-013: Checkout Empty Fields" finished-at="2026-09-01T18:28:26 IST" duration-ms="1736" status="PASS">
          <reporter-output>
          </reporter-output>
        </test-method> <!-- checkoutBlockedWhenEmptyFieldsTest -->
        <test-method is-config="true" signature="am(org.testng.ITestResult)[pri:0, instance:Test.CheckoutTest@51e0301d]" started-at="2026-09-01T18:28:26 IST" name="am" finished-at="2026-09-01T18:28:28 IST" duration-ms="1255" status="PASS">
          <params>
            <param index="0">
              <value>
                <![CDATA[[TestResult name=checkoutBlockedWhenEmptyFieldsTest status=SUCCESS method=CheckoutTest.checkoutBlockedWhenEmptyFieldsTest()[pri:1, instance:Test.CheckoutTest@51e0301d] output={null}]]]>
              </value>
            </param>
          </params>
          <reporter-output>
          </reporter-output>
        </test-method> <!-- am -->
        <test-method is-config="true" signature="bm()[pri:0, instance:Test.CheckoutTest@51e0301d]" started-at="2026-09-01T18:28:28 IST" name="bm" finished-at="2026-09-01T18:28:37 IST" duration-ms="9909" status="PASS">
          <reporter-output>
          </reporter-output>
        </test-method> <!-- bm -->
        <test-method signature="checkoutMissingFirstNameTest()[pri:2, instance:Test.CheckoutTest@51e0301d]" started-at="2026-09-01T18:28:37 IST" name="checkoutMissingFirstNameTest" description="TC-014: Missing First Name in Checkout" finished-at="2026-09-01T18:28:39 IST" duration-ms="1864" status="PASS">
          <reporter-output>
          </reporter-output>
        </test-method> <!-- checkoutMissingFirstNameTest -->
        <test-method is-config="true" signature="am(org.testng.ITestResult)[pri:0, instance:Test.CheckoutTest@51e0301d]" started-at="2026-09-01T18:28:39 IST" name="am" finished-at="2026-09-01T18:29:13 IST" duration-ms="34110" status="PASS">
          <params>
            <param index="0">
              <value>
                <![CDATA[[TestResult name=checkoutMissingFirstNameTest status=SUCCESS method=CheckoutTest.checkoutMissingFirstNameTest()[pri:2, instance:Test.CheckoutTest@51e0301d] output={null}]]]>
              </value>
            </param>
          </params>
          <reporter-output>
          </reporter-output>
        </test-method> <!-- am -->
        <test-method is-config="true" signature="bm()[pri:0, instance:Test.CheckoutTest@51e0301d]" started-at="2026-09-01T18:29:13 IST" name="bm" finished-at="2026-09-01T18:29:27 IST" duration-ms="13864" status="PASS">
          <reporter-output>
          </reporter-output>
        </test-method> <!-- bm -->
        <test-method signature="completeCheckoutSuccessfullyTest()[pri:3, instance:Test.CheckoutTest@51e0301d]" started-at="2026-09-01T18:29:27 IST" name="completeCheckoutSuccessfullyTest" description="TC-017, TC-019: Valid Checkout Information &amp; Complete Order" finished-at="2026-09-01T18:29:29 IST" duration-ms="2069" status="PASS">
          <reporter-output>
          </reporter-output>
        </test-method> <!-- completeCheckoutSuccessfullyTest -->
        <test-method is-config="true" signature="am(org.testng.ITestResult)[pri:0, instance:Test.CheckoutTest@51e0301d]" started-at="2026-09-01T18:29:29 IST" name="am" finished-at="2026-09-01T18:29:31 IST" duration-ms="1821" status="PASS">
          <params>
            <param index="0">
              <value>
                <![CDATA[[TestResult name=completeCheckoutSuccessfullyTest status=SUCCESS method=CheckoutTest.completeCheckoutSuccessfullyTest()[pri:3, instance:Test.CheckoutTest@51e0301d] output={null}]]]>
              </value>
            </param>
          </params>
          <reporter-output>
          </reporter-output>
        </test-method> <!-- am -->
      </class> <!-- Test.CheckoutTest -->
      <class name="Test.CartTest">
        <test-method is-config="true" signature="bm()[pri:0, instance:Test.CartTest@14fc5d40]" started-at="2026-09-01T18:27:12 IST" name="bm" finished-at="2026-09-01T18:27:23 IST" duration-ms="10361" status="PASS">
          <reporter-output>
          </reporter-output>
        </test-method> <!-- bm -->
        <test-method signature="addMultipleProductsTest()[pri:1, instance:Test.CartTest@14fc5d40]" started-at="2026-09-01T18:27:23 IST" name="addMultipleProductsTest" description="TC-009: Add Multiple Products to Cart" finished-at="2026-09-01T18:27:24 IST" duration-ms="1313" status="PASS">
          <reporter-output>
          </reporter-output>
        </test-method> <!-- addMultipleProductsTest -->
        <test-method is-config="true" signature="am(org.testng.ITestResult)[pri:0, instance:Test.CartTest@14fc5d40]" started-at="2026-09-01T18:27:24 IST" name="am" finished-at="2026-09-01T18:27:58 IST" duration-ms="34231" status="PASS">
          <params>
            <param index="0">
              <value>
                <![CDATA[[TestResult name=addMultipleProductsTest status=SUCCESS method=CartTest.addMultipleProductsTest()[pri:1, instance:Test.CartTest@14fc5d40] output={null}]]]>
              </value>
            </param>
          </params>
          <reporter-output>
          </reporter-output>
        </test-method> <!-- am -->
        <test-method is-config="true" signature="bm()[pri:0, instance:Test.CartTest@14fc5d40]" started-at="2026-09-01T18:27:58 IST" name="bm" finished-at="2026-09-01T18:28:11 IST" duration-ms="12513" status="PASS">
          <reporter-output>
          </reporter-output>
        </test-method> <!-- bm -->
        <test-method signature="removeProductTest()[pri:2, instance:Test.CartTest@14fc5d40]" started-at="2026-09-01T18:28:11 IST" name="removeProductTest" description="TC-010: Remove Product from Cart" finished-at="2026-09-01T18:28:13 IST" duration-ms="1882" status="PASS">
          <reporter-output>
          </reporter-output>
        </test-method> <!-- removeProductTest -->
        <test-method is-config="true" signature="am(org.testng.ITestResult)[pri:0, instance:Test.CartTest@14fc5d40]" started-at="2026-09-01T18:28:13 IST" name="am" finished-at="2026-09-01T18:28:14 IST" duration-ms="1501" status="PASS">
          <params>
            <param index="0">
              <value>
                <![CDATA[[TestResult name=removeProductTest status=SUCCESS method=CartTest.removeProductTest()[pri:2, instance:Test.CartTest@14fc5d40] output={null}]]]>
              </value>
            </param>
          </params>
          <reporter-output>
          </reporter-output>
        </test-method> <!-- am -->
      </class> <!-- Test.CartTest -->
      <class name="Test.logintheuser">
        <test-method is-config="true" signature="bm()[pri:0, instance:Test.logintheuser@64138b0c]" started-at="2026-09-01T18:26:05 IST" name="bm" finished-at="2026-09-01T18:26:21 IST" duration-ms="16041" status="PASS">
          <reporter-output>
          </reporter-output>
        </test-method> <!-- bm -->
        <test-method signature="dataDrivenLoginTest(java.lang.String,java.lang.String,java.lang.String,java.lang.String)[pri:0, instance:Test.logintheuser@64138b0c]" started-at="2026-09-01T18:26:21 IST" name="dataDrivenLoginTest" description="B3: Data-Driven Login Tests from CSV" data-provider="loginData" finished-at="2026-09-01T18:26:23 IST" duration-ms="1283" status="PASS">
          <params>
            <param index="0">
              <value>
                <![CDATA[TC-001]]>
              </value>
            </param>
            <param index="1">
              <value>
                <![CDATA[standard_user]]>
              </value>
            </param>
            <param index="2">
              <value>
                <![CDATA[secret_sauce]]>
              </value>
            </param>
            <param index="3">
              <value>
                <![CDATA[success]]>
              </value>
            </param>
          </params>
          <reporter-output>
          </reporter-output>
        </test-method> <!-- dataDrivenLoginTest -->
        <test-method is-config="true" signature="am(org.testng.ITestResult)[pri:0, instance:Test.logintheuser@64138b0c]" started-at="2026-09-01T18:26:23 IST" name="am" finished-at="2026-09-01T18:26:24 IST" duration-ms="1365" status="PASS">
          <params>
            <param index="0">
              <value>
                <![CDATA[[TestResult name=dataDrivenLoginTest status=SUCCESS method=logintheuser.dataDrivenLoginTest(java.lang.String,java.lang.String,java.lang.String,java.lang.String)[pri:0, instance:Test.logintheuser@64138b0c] output={null}]]]>
              </value>
            </param>
          </params>
          <reporter-output>
          </reporter-output>
        </test-method> <!-- am -->
        <test-method is-config="true" signature="bm()[pri:0, instance:Test.logintheuser@64138b0c]" started-at="2026-09-01T18:26:24 IST" name="bm" finished-at="2026-09-01T18:26:34 IST" duration-ms="10440" status="PASS">
          <reporter-output>
          </reporter-output>
        </test-method> <!-- bm -->
        <test-method signature="dataDrivenLoginTest(java.lang.String,java.lang.String,java.lang.String,java.lang.String)[pri:0, instance:Test.logintheuser@64138b0c]" started-at="2026-09-01T18:26:34 IST" name="dataDrivenLoginTest" description="B3: Data-Driven Login Tests from CSV" data-provider="loginData" finished-at="2026-09-01T18:26:36 IST" duration-ms="1145" status="PASS">
          <params>
            <param index="0">
              <value>
                <![CDATA[TC-005]]>
              </value>
            </param>
            <param index="1">
              <value>
                <![CDATA[locked_out_user]]>
              </value>
            </param>
            <param index="2">
              <value>
                <![CDATA[secret_sauce]]>
              </value>
            </param>
            <param index="3">
              <value>
                <![CDATA[locked out]]>
              </value>
            </param>
          </params>
          <reporter-output>
          </reporter-output>
        </test-method> <!-- dataDrivenLoginTest -->
        <test-method is-config="true" signature="am(org.testng.ITestResult)[pri:0, instance:Test.logintheuser@64138b0c]" started-at="2026-09-01T18:26:36 IST" name="am" finished-at="2026-09-01T18:26:37 IST" duration-ms="1364" status="PASS">
          <params>
            <param index="0">
              <value>
                <![CDATA[[TestResult name=dataDrivenLoginTest status=SUCCESS method=logintheuser.dataDrivenLoginTest(java.lang.String,java.lang.String,java.lang.String,java.lang.String)[pri:0, instance:Test.logintheuser@64138b0c] output={null}]]]>
              </value>
            </param>
          </params>
          <reporter-output>
          </reporter-output>
        </test-method> <!-- am -->
        <test-method is-config="true" signature="bm()[pri:0, instance:Test.logintheuser@64138b0c]" started-at="2026-09-01T18:26:37 IST" name="bm" finished-at="2026-09-01T18:26:47 IST" duration-ms="9927" status="PASS">
          <reporter-output>
          </reporter-output>
        </test-method> <!-- bm -->
        <test-method signature="dataDrivenLoginTest(java.lang.String,java.lang.String,java.lang.String,java.lang.String)[pri:0, instance:Test.logintheuser@64138b0c]" started-at="2026-09-01T18:26:47 IST" name="dataDrivenLoginTest" description="B3: Data-Driven Login Tests from CSV" data-provider="loginData" finished-at="2026-09-01T18:26:48 IST" duration-ms="998" status="PASS">
          <params>
            <param index="0">
              <value>
                <![CDATA[TC-002]]>
              </value>
            </param>
            <param index="1">
              <value>
                <![CDATA[standard_user]]>
              </value>
            </param>
            <param index="2">
              <value>
                <![CDATA[wrong_password]]>
              </value>
            </param>
            <param index="3">
              <value>
                <![CDATA[do not match]]>
              </value>
            </param>
          </params>
          <reporter-output>
          </reporter-output>
        </test-method> <!-- dataDrivenLoginTest -->
        <test-method is-config="true" signature="am(org.testng.ITestResult)[pri:0, instance:Test.logintheuser@64138b0c]" started-at="2026-09-01T18:26:48 IST" name="am" finished-at="2026-09-01T18:26:49 IST" duration-ms="1159" status="PASS">
          <params>
            <param index="0">
              <value>
                <![CDATA[[TestResult name=dataDrivenLoginTest status=SUCCESS method=logintheuser.dataDrivenLoginTest(java.lang.String,java.lang.String,java.lang.String,java.lang.String)[pri:0, instance:Test.logintheuser@64138b0c] output={null}]]]>
              </value>
            </param>
          </params>
          <reporter-output>
          </reporter-output>
        </test-method> <!-- am -->
        <test-method is-config="true" signature="bm()[pri:0, instance:Test.logintheuser@64138b0c]" started-at="2026-09-01T18:26:49 IST" name="bm" finished-at="2026-09-01T18:26:59 IST" duration-ms="9526" status="PASS">
          <reporter-output>
          </reporter-output>
        </test-method> <!-- bm -->
        <test-method signature="dataDrivenLoginTest(java.lang.String,java.lang.String,java.lang.String,java.lang.String)[pri:0, instance:Test.logintheuser@64138b0c]" started-at="2026-09-01T18:26:59 IST" name="dataDrivenLoginTest" description="B3: Data-Driven Login Tests from CSV" data-provider="loginData" finished-at="2026-09-01T18:26:59 IST" duration-ms="861" status="PASS">
          <params>
            <param index="0">
              <value>
                <![CDATA[TC-003]]>
              </value>
            </param>
            <param index="1">
              <value>
                <![CDATA[]]>
              </value>
            </param>
            <param index="2">
              <value>
                <![CDATA[secret_sauce]]>
              </value>
            </param>
            <param index="3">
              <value>
                <![CDATA[Username is required]]>
              </value>
            </param>
          </params>
          <reporter-output>
          </reporter-output>
        </test-method> <!-- dataDrivenLoginTest -->
        <test-method is-config="true" signature="am(org.testng.ITestResult)[pri:0, instance:Test.logintheuser@64138b0c]" started-at="2026-09-01T18:26:59 IST" name="am" finished-at="2026-09-01T18:27:01 IST" duration-ms="1165" status="PASS">
          <params>
            <param index="0">
              <value>
                <![CDATA[[TestResult name=dataDrivenLoginTest status=SUCCESS method=logintheuser.dataDrivenLoginTest(java.lang.String,java.lang.String,java.lang.String,java.lang.String)[pri:0, instance:Test.logintheuser@64138b0c] output={null}]]]>
              </value>
            </param>
          </params>
          <reporter-output>
          </reporter-output>
        </test-method> <!-- am -->
        <test-method is-config="true" signature="bm()[pri:0, instance:Test.logintheuser@64138b0c]" started-at="2026-09-01T18:27:01 IST" name="bm" finished-at="2026-09-01T18:27:10 IST" duration-ms="9399" status="PASS">
          <reporter-output>
          </reporter-output>
        </test-method> <!-- bm -->
        <test-method signature="dataDrivenLoginTest(java.lang.String,java.lang.String,java.lang.String,java.lang.String)[pri:0, instance:Test.logintheuser@64138b0c]" started-at="2026-09-01T18:27:10 IST" name="dataDrivenLoginTest" description="B3: Data-Driven Login Tests from CSV" data-provider="loginData" finished-at="2026-09-01T18:27:11 IST" duration-ms="976" status="PASS">
          <params>
            <param index="0">
              <value>
                <![CDATA[TC-004]]>
              </value>
            </param>
            <param index="1">
              <value>
                <![CDATA[standard_user]]>
              </value>
            </param>
            <param index="2">
              <value>
                <![CDATA[]]>
              </value>
            </param>
            <param index="3">
              <value>
                <![CDATA[Password is required]]>
              </value>
            </param>
          </params>
          <reporter-output>
          </reporter-output>
        </test-method> <!-- dataDrivenLoginTest -->
        <test-method is-config="true" signature="am(org.testng.ITestResult)[pri:0, instance:Test.logintheuser@64138b0c]" started-at="2026-09-01T18:27:11 IST" name="am" finished-at="2026-09-01T18:27:12 IST" duration-ms="1416" status="PASS">
          <params>
            <param index="0">
              <value>
                <![CDATA[[TestResult name=dataDrivenLoginTest status=SUCCESS method=logintheuser.dataDrivenLoginTest(java.lang.String,java.lang.String,java.lang.String,java.lang.String)[pri:0, instance:Test.logintheuser@64138b0c] output={null}]]]>
              </value>
            </param>
          </params>
          <reporter-output>
          </reporter-output>
        </test-method> <!-- am -->
      </class> <!-- Test.logintheuser -->
    </test> <!-- E2E Tests -->
  </suite> <!-- SauceDemo Suite -->
</testng-results>
