<?xml version="1.0" encoding="UTF-8"?>
<!-- Generated by org.testng.reporters.JUnitXMLReporter -->
<testsuite ignored="0" hostname="chandans-MacBook-Air-964.local" failures="0" tests="13" name="E2E Tests" time="248.701" errors="0" timestamp="2026-09-01T18:30:14 IST">
  <testcase classname="Test.logintheuser" name="dataDrivenLoginTest" time="1.283"/>
  <testcase classname="Test.logintheuser" name="dataDrivenLoginTest" time="1.145"/>
  <testcase classname="Test.logintheuser" name="dataDrivenLoginTest" time="0.998"/>
  <testcase classname="Test.logintheuser" name="dataDrivenLoginTest" time="0.861"/>
  <testcase classname="Test.logintheuser" name="dataDrivenLoginTest" time="0.976"/>
  <testcase classname="Test.CartTest" name="addMultipleProductsTest" time="1.313"/>
  <testcase classname="Test.CartTest" name="removeProductTest" time="1.882"/>
  <testcase classname="Test.CheckoutTest" name="checkoutBlockedWhenEmptyFieldsTest" time="1.736"/>
  <testcase classname="Test.CheckoutTest" name="checkoutMissingFirstNameTest" time="1.864"/>
  <testcase classname="Test.CheckoutTest" name="completeCheckoutSuccessfullyTest" time="2.069"/>
  <testcase classname="Test.SortingTest" name="sortPriceLowToHighTest" time="1.463"/>
  <testcase classname="Test.SortingTest" name="sortPriceHighToLowTest" time="1.913"/>
  <testcase classname="Test.LogoutTest" name="logoutTest" time="2.353"/>
</testsuite> <!-- E2E Tests -->
