<?xml version="1.0" encoding="UTF-8"?>
<!-- Generated by org.testng.reporters.JUnitXMLReporter -->
<testsuite ignored="0" hostname="chandans-MacBook-Air-964.local" failures="0" tests="13" name="E2E Tests" time="251.619" errors="0" timestamp="2026-09-01T18:15:04 IST">
  <testcase classname="Test.logintheuser" name="dataDrivenLoginTest" time="0.724"/>
  <testcase classname="Test.logintheuser" name="dataDrivenLoginTest" time="0.585"/>
  <testcase classname="Test.logintheuser" name="dataDrivenLoginTest" time="0.343"/>
  <testcase classname="Test.logintheuser" name="dataDrivenLoginTest" time="0.354"/>
  <testcase classname="Test.logintheuser" name="dataDrivenLoginTest" time="0.486"/>
  <testcase classname="Test.CartTest" name="addMultipleProductsTest" time="0.82"/>
  <testcase classname="Test.CartTest" name="removeProductTest" time="1.35"/>
  <testcase classname="Test.CheckoutTest" name="checkoutBlockedWhenEmptyFieldsTest" time="1.241"/>
  <testcase classname="Test.CheckoutTest" name="checkoutMissingFirstNameTest" time="1.292"/>
  <testcase classname="Test.CheckoutTest" name="completeCheckoutSuccessfullyTest" time="1.435"/>
  <testcase classname="Test.SortingTest" name="sortPriceLowToHighTest" time="1.646"/>
  <testcase classname="Test.SortingTest" name="sortPriceHighToLowTest" time="1.973"/>
  <testcase classname="Test.LogoutTest" name="logoutTest" time="2.3"/>
</testsuite> <!-- E2E Tests -->
