<?xml version="1.0" encoding="UTF-8"?>
<!-- Generated by org.testng.reporters.JUnitReportReporter -->
<testsuite hostname="chandans-MacBook-Air-964.local" failures="0" tests="3" name="Test.CheckoutTest" time="33.748" errors="0" timestamp="2026-09-01T18:15:04 IST" skipped="0">
  <testcase classname="Test.CheckoutTest" name="checkoutBlockedWhenEmptyFieldsTest" time="10.555"/>
  <testcase classname="Test.CheckoutTest" name="checkoutMissingFirstNameTest" time="11.787"/>
  <testcase classname="Test.CheckoutTest" name="completeCheckoutSuccessfullyTest" time="11.406"/>
</testsuite> <!-- Test.CheckoutTest -->
