<?xml version="1.0" encoding="UTF-8"?>
<!-- Generated by org.testng.reporters.JUnitReportReporter -->
<testsuite hostname="chandans-MacBook-Air-964.local" failures="0" tests="5" name="Test.logintheuser" time="67.065" errors="0" timestamp="2026-09-01T18:30:14 IST" skipped="0">
  <testcase classname="Test.logintheuser" name="dataDrivenLoginTest" time="18.550"/>
  <testcase classname="Test.logintheuser" name="dataDrivenLoginTest" time="11.540"/>
  <testcase classname="Test.logintheuser" name="dataDrivenLoginTest" time="12.153"/>
  <testcase classname="Test.logintheuser" name="dataDrivenLoginTest" time="12.225"/>
  <testcase classname="Test.logintheuser" name="dataDrivenLoginTest" time="12.597"/>
</testsuite> <!-- Test.logintheuser -->
