<?xml version="1.0" encoding="UTF-8"?>
<!-- Generated by org.testng.reporters.JUnitReportReporter -->
<testsuite hostname="chandans-MacBook-Air-964.local" failures="0" tests="3" name="Test.CheckoutTest" time="76.838" errors="0" timestamp="2026-09-01T18:30:14 IST" skipped="0">
  <testcase classname="Test.CheckoutTest" name="checkoutBlockedWhenEmptyFieldsTest" time="13.201"/>
  <testcase classname="Test.CheckoutTest" name="checkoutMissingFirstNameTest" time="45.883"/>
  <testcase classname="Test.CheckoutTest" name="completeCheckoutSuccessfullyTest" time="17.754"/>
</testsuite> <!-- Test.CheckoutTest -->
