<?xml version="1.0" encoding="UTF-8"?>
<!-- Generated by org.testng.reporters.JUnitReportReporter -->
<testsuite hostname="chandans-MacBook-Air-964.local" failures="0" tests="5" name="Test.logintheuser" time="114.954" errors="0" timestamp="2026-09-01T18:15:04 IST" skipped="0">
  <testcase classname="Test.logintheuser" name="dataDrivenLoginTest" time="5.895"/>
  <testcase classname="Test.logintheuser" name="dataDrivenLoginTest" time="39.216"/>
  <testcase classname="Test.logintheuser" name="dataDrivenLoginTest" time="48.925"/>
  <testcase classname="Test.logintheuser" name="dataDrivenLoginTest" time="13.203"/>
  <testcase classname="Test.logintheuser" name="dataDrivenLoginTest" time="7.715"/>
</testsuite> <!-- Test.logintheuser -->
